<?xml version="1.0" encoding="UTF-8"?>
<testsuite name="example.ExampleTest" tests="1" skipped="0" failures="0" errors="0" timestamp="2020-09-30T16:48:44" hostname="Arpits-MacBook-Pro.local" time="3.009">
  <properties/>
  <testcase name="testJoin" classname="example.ExampleTest" time="3.009"/>
  <system-out><![CDATA[]]></system-out>
  <system-err><![CDATA[]]></system-err>
</testsuite>
