<?xml version="1.0" encoding="UTF-8"?>
<testsuite name="org.gradle.tests0.Test0_7" tests="1" skipped="0" failures="0" errors="0" timestamp="2020-09-15T17:48:11" hostname="Arpits-MacBook-Pro.local" time="0.005">
  <properties/>
  <testcase name="myTest" classname="org.gradle.tests0.Test0_7" time="0.005"/>
  <system-out><![CDATA[]]></system-out>
  <system-err><![CDATA[]]></system-err>
</testsuite>
